[2020-04-04T19:30:37.583] [DEBUG] cheese - login => username:admin,password:123456
[2020-04-04T19:30:37.585] [DEBUG] cheese - admin
[2020-04-04T19:30:37.635] [DEBUG] cheese - null
[2020-04-04T19:30:37.636] [DEBUG] cheese - null
[2020-04-04T19:53:53.224] [DEBUG] cheese - login => username:admin,password:123456
[2020-04-04T19:53:53.224] [DEBUG] cheese - admin
[2020-04-04T19:53:53.363] [DEBUG] cheese - null
[2020-04-04T19:53:53.363] [DEBUG] cheese - null
[2020-04-06T09:54:33.075] [DEBUG] cheese - login => username:admin,password:123456
[2020-04-06T09:54:33.077] [DEBUG] cheese - admin
[2020-04-06T09:54:33.320] [DEBUG] cheese - null
[2020-04-06T09:54:33.321] [DEBUG] cheese - null
[2020-04-06T11:05:19.666] [DEBUG] cheese - login => username:admin,password:123456
[2020-04-06T11:05:19.680] [DEBUG] cheese - admin
[2020-04-06T11:05:19.766] [DEBUG] cheese - null
[2020-04-06T11:05:19.766] [DEBUG] cheese - null
[2020-04-06T19:23:41.974] [DEBUG] cheese - login => username:admin,password:123456
[2020-04-06T19:23:41.994] [DEBUG] cheese - admin
[2020-04-06T19:23:42.196] [DEBUG] cheese - null
[2020-04-06T19:23:42.196] [DEBUG] cheese - null
[2020-04-06T19:24:35.586] [DEBUG] cheese - login => username:admin,password:123456
[2020-04-06T19:24:35.586] [DEBUG] cheese - admin
[2020-04-06T19:24:35.650] [DEBUG] cheese - null
[2020-04-06T19:24:35.650] [DEBUG] cheese - null
[2020-04-07T18:58:27.868] [DEBUG] cheese - login => username:lrl,password:123456
[2020-04-07T18:58:28.470] [DEBUG] cheese - lrl
[2020-04-07T18:58:29.688] [DEBUG] cheese - null
[2020-04-07T18:58:29.709] [DEBUG] cheese - null
[2020-04-07T18:58:45.012] [DEBUG] cheese - login => username:admin,password:123456
[2020-04-07T18:58:45.012] [DEBUG] cheese - admin
[2020-04-07T18:58:45.036] [DEBUG] cheese - null
[2020-04-07T18:58:45.037] [DEBUG] cheese - null
[2020-04-07T18:59:06.975] [DEBUG] cheese - login => username:lrl,password:123456
[2020-04-07T18:59:07.022] [DEBUG] cheese - lrl
[2020-04-07T18:59:07.026] [DEBUG] cheese - null
[2020-04-07T18:59:07.026] [DEBUG] cheese - null
[2020-04-08T09:33:52.078] [DEBUG] cheese - login => username:admin,password:123456
[2020-04-08T09:33:52.079] [DEBUG] cheese - admin
[2020-04-08T09:33:52.104] [DEBUG] cheese - null
[2020-04-08T09:33:52.105] [DEBUG] cheese - null
[2020-04-08T15:25:20.936] [DEBUG] cheese - null
[2020-04-08T15:28:06.663] [DEBUG] cheese - login => username:lrl,password:123456
[2020-04-08T15:28:06.665] [DEBUG] cheese - lrl
[2020-04-08T15:28:06.710] [DEBUG] cheese - null
[2020-04-08T15:28:06.710] [DEBUG] cheese - null
[2020-04-08T15:28:31.369] [DEBUG] cheese - login => username:admin,password:123456
[2020-04-08T15:28:31.369] [DEBUG] cheese - admin
[2020-04-08T15:28:31.372] [DEBUG] cheese - null
[2020-04-08T15:28:31.372] [DEBUG] cheese - null
[2020-04-08T15:30:21.229] [DEBUG] cheese - null
[2020-04-08T15:34:16.976] [DEBUG] cheese - null
[2020-04-08T15:34:50.397] [DEBUG] cheese - null
[2020-04-08T15:35:26.083] [DEBUG] cheese - null
[2020-04-08T15:36:43.260] [DEBUG] cheese - null
[2020-04-08T15:37:53.990] [DEBUG] cheese - null
[2020-04-08T15:38:12.020] [DEBUG] cheese - null
[2020-04-08T15:40:27.519] [DEBUG] cheese - null
[2020-04-08T15:41:16.365] [DEBUG] cheese - null
[2020-04-08T15:41:19.069] [DEBUG] cheese - null
[2020-04-08T15:41:21.955] [DEBUG] cheese - null
[2020-04-09T13:14:17.292] [DEBUG] cheese - login => username:admin,password:123456
[2020-04-09T13:14:17.312] [DEBUG] cheese - admin
[2020-04-09T13:14:17.351] [DEBUG] cheese - null
[2020-04-09T13:14:17.362] [DEBUG] cheese - null
[2020-04-10T13:16:05.965] [DEBUG] cheese - login => username:admin,password:123456
[2020-04-10T13:16:05.966] [DEBUG] cheese - admin
[2020-04-10T13:16:05.988] [DEBUG] cheese - null
[2020-04-10T13:16:05.988] [DEBUG] cheese - null
[2020-04-10T15:47:08.510] [DEBUG] cheese - login => username:admin,password:123456
[2020-04-10T15:47:08.512] [DEBUG] cheese - admin
[2020-04-10T15:47:08.532] [DEBUG] cheese - null
[2020-04-10T15:47:08.533] [DEBUG] cheese - null
[2020-04-10T17:01:19.605] [DEBUG] cheese - null
[2020-04-10T17:05:15.971] [DEBUG] cheese - null
[2020-04-10T17:08:28.784] [DEBUG] cheese - null
[2020-04-10T17:08:54.522] [DEBUG] cheese - null
[2020-04-10T17:09:49.222] [DEBUG] cheese - null
[2020-04-10T17:10:20.079] [DEBUG] cheese - null
[2020-04-10T17:11:22.802] [DEBUG] cheese - null
[2020-04-10T17:12:29.754] [DEBUG] cheese - null
[2020-04-10T17:23:55.516] [DEBUG] cheese - null
[2020-04-10T17:24:40.328] [DEBUG] cheese - null
[2020-04-10T17:26:19.360] [DEBUG] cheese - null
[2020-04-10T17:29:32.270] [DEBUG] cheese - null
[2020-04-10T17:41:12.193] [DEBUG] cheese - null
[2020-04-10T17:41:44.994] [DEBUG] cheese - null
[2020-04-10T17:42:22.115] [DEBUG] cheese - null
[2020-04-10T17:45:53.674] [DEBUG] cheese - null
[2020-04-10T17:49:44.274] [DEBUG] cheese - null
[2020-04-10T17:50:34.091] [DEBUG] cheese - null
[2020-04-10T19:23:07.627] [DEBUG] cheese - null
[2020-04-10T19:30:50.220] [DEBUG] cheese - null
[2020-04-10T19:35:23.669] [DEBUG] cheese - null
[2020-04-10T19:37:53.133] [DEBUG] cheese - null
[2020-04-10T19:44:50.319] [DEBUG] cheese - null
[2020-04-10T19:49:32.429] [DEBUG] cheese - null
[2020-04-10T19:49:35.111] [DEBUG] cheese - null
[2020-04-11T15:49:00.988] [DEBUG] cheese - login => username:admin,password:123456
[2020-04-11T15:49:00.994] [DEBUG] cheese - admin
[2020-04-11T15:49:01.218] [DEBUG] cheese - null
[2020-04-11T15:49:01.219] [DEBUG] cheese - null
[2020-04-11T18:24:51.683] [DEBUG] cheese - login => username:admin,password:123456
[2020-04-11T18:24:51.694] [DEBUG] cheese - admin
[2020-04-11T18:24:51.719] [DEBUG] cheese - null
[2020-04-11T18:24:51.720] [DEBUG] cheese - null
[2020-04-11T18:44:00.207] [DEBUG] cheese - login => username:admin,password:123456
[2020-04-11T18:44:00.208] [DEBUG] cheese - admin
[2020-04-11T18:44:00.212] [DEBUG] cheese - null
[2020-04-11T18:44:00.212] [DEBUG] cheese - null
[2020-04-11T18:46:02.453] [DEBUG] cheese - login => username:admin,password:123456
[2020-04-11T18:46:02.453] [DEBUG] cheese - admin
[2020-04-11T18:46:02.456] [DEBUG] cheese - null
[2020-04-11T18:46:02.456] [DEBUG] cheese - null
